Using pre-set license
Built from '2020.3/staging' branch; Version is '2020.3.33f1 (915a7af8b0d5) revision 9525882'; Using compiler version '192528614'; Build Type 'Release'
OS: 'Windows 11  (10.0.22621) 64bit Core' Language: 'en' Physical Memory: 16230 MB
BatchMode: 1, IsHumanControllingUs: 0, StartBugReporterOnCrash: 0, Is64bit: 1, IsPro: 0

COMMAND LINE ARGUMENTS:
C:\Program Files\Unity\Hub\Editor\2020.3.33f1\Editor\Unity.exe
-adb2
-batchMode
-noUpm
-name
AssetImportWorker0
-projectPath
D:/Github/Mind-Roots/MindRoots
-logFile
Logs/AssetImportWorker0.log
-srvPort
50008
Successfully changed project path to: D:/Github/Mind-Roots/MindRoots
D:/Github/Mind-Roots/MindRoots
Using Asset Import Pipeline V2.
Refreshing native plugins compatible for Editor in 90.67 ms, found 2 plugins.
Preloading 0 native plugins for Editor in 0.00 ms.
Initialize engine version: 2020.3.33f1 (915a7af8b0d5)
[Subsystems] Discovering subsystems at path C:/Program Files/Unity/Hub/Editor/2020.3.33f1/Editor/Data/Resources/UnitySubsystems
[Subsystems] Discovering subsystems at path D:/Github/Mind-Roots/MindRoots/Assets
GfxDevice: creating device client; threaded=0
Direct3D:
    Version:  Direct3D 11.0 [level 11.1]
    Renderer: NVIDIA GeForce GTX 1060 (ID=0x1c20)
    Vendor:   
    VRAM:     6043 MB
    Driver:   31.0.15.2802
Initialize mono
Mono path[0] = 'C:/Program Files/Unity/Hub/Editor/2020.3.33f1/Editor/Data/Managed'
Mono path[1] = 'C:/Program Files/Unity/Hub/Editor/2020.3.33f1/Editor/Data/MonoBleedingEdge/lib/mono/unityjit'
Mono config path = 'C:/Program Files/Unity/Hub/Editor/2020.3.33f1/Editor/Data/MonoBleedingEdge/etc'
Using monoOptions --debugger-agent=transport=dt_socket,embedding=1,server=y,suspend=n,address=127.0.0.1:56176
Begin MonoManager ReloadAssembly
Registering precompiled unity dll's ...
Register platform support module: C:/Program Files/Unity/Hub/Editor/2020.3.33f1/Editor/Data/PlaybackEngines/WindowsStandaloneSupport/UnityEditor.WindowsStandalone.Extensions.dll
Registered in 0.002393 seconds.
Native extension for WindowsStandalone target not found
Refreshing native plugins compatible for Editor in 60.29 ms, found 2 plugins.
Preloading 0 native plugins for Editor in 0.00 ms.
Mono: successfully reloaded assembly
- Completed reload, in  0.719 seconds
Domain Reload Profiling:
	ReloadAssembly (719ms)
		BeginReloadAssembly (87ms)
			ExecutionOrderSort (0ms)
			DisableScriptedObjects (0ms)
			BackupInstance (0ms)
			ReleaseScriptingObjects (0ms)
			CreateAndSetChildDomain (1ms)
		EndReloadAssembly (542ms)
			LoadAssemblies (84ms)
			RebuildTransferFunctionScriptingTraits (0ms)
			SetupTypeCache (175ms)
			ReleaseScriptCaches (0ms)
			RebuildScriptCaches (36ms)
			SetupLoadedEditorAssemblies (212ms)
				LogAssemblyErrors (0ms)
				InitializePlatformSupportModulesInManaged (5ms)
				SetLoadedEditorAssemblies (0ms)
				RefreshPlugins (60ms)
				BeforeProcessingInitializeOnLoad (19ms)
				ProcessInitializeOnLoadAttributes (94ms)
				ProcessInitializeOnLoadMethodAttributes (34ms)
				AfterProcessingInitializeOnLoad (0ms)
				EditorAssembliesLoaded (0ms)
			ExecutionOrderSort2 (0ms)
			AwakeInstancesAfterBackupRestoration (0ms)
Platform modules already initialized, skipping
Registering precompiled user dll's ...
Registered in 0.003108 seconds.
Begin MonoManager ReloadAssembly
Symbol file LoadedFromMemory doesn't match image D:\Github\Mind-Roots\MindRoots\Library\PackageCache\com.unity.collab-proxy@1.15.15\Lib\Editor\PlasticSCM\unityplastic.dll
Native extension for WindowsStandalone target not found
Refreshing native plugins compatible for Editor in 61.64 ms, found 2 plugins.
Preloading 0 native plugins for Editor in 0.00 ms.
Mono: successfully reloaded assembly
- Completed reload, in  1.348 seconds
Domain Reload Profiling:
	ReloadAssembly (1349ms)
		BeginReloadAssembly (180ms)
			ExecutionOrderSort (0ms)
			DisableScriptedObjects (5ms)
			BackupInstance (0ms)
			ReleaseScriptingObjects (0ms)
			CreateAndSetChildDomain (22ms)
		EndReloadAssembly (1095ms)
			LoadAssemblies (119ms)
			RebuildTransferFunctionScriptingTraits (0ms)
			SetupTypeCache (391ms)
			ReleaseScriptCaches (1ms)
			RebuildScriptCaches (56ms)
			SetupLoadedEditorAssemblies (402ms)
				LogAssemblyErrors (0ms)
				InitializePlatformSupportModulesInManaged (4ms)
				SetLoadedEditorAssemblies (0ms)
				RefreshPlugins (62ms)
				BeforeProcessingInitializeOnLoad (98ms)
				ProcessInitializeOnLoadAttributes (218ms)
				ProcessInitializeOnLoadMethodAttributes (11ms)
				AfterProcessingInitializeOnLoad (8ms)
				EditorAssembliesLoaded (0ms)
			ExecutionOrderSort2 (0ms)
			AwakeInstancesAfterBackupRestoration (8ms)
Platform modules already initialized, skipping
========================================================================
Worker process is ready to serve import requests
Launched and connected shader compiler UnityShaderCompiler.exe after 0.07 seconds
Refreshing native plugins compatible for Editor in 0.50 ms, found 2 plugins.
Preloading 0 native plugins for Editor in 0.00 ms.
Unloading 2956 Unused Serialized files (Serialized files now loaded: 0)
System memory in use before: 132.4 MB.
System memory in use after: 132.6 MB.

Unloading 17 unused Assets to reduce memory usage. Loaded Objects now: 3393.
Total: 3.548600 ms (FindLiveObjects: 0.239400 ms CreateObjectMapping: 0.151300 ms MarkObjects: 3.070100 ms  DeleteObjects: 0.086700 ms)

AssetImportParameters requested are different than current active one (requested -> active):
  custom:framework-win-MediaFoundation: 216162199b28c13a410421893ffa2e32 -> 
  custom:video-decoder-ogg-theora: a1e56fd34408186e4bbccfd4996cb3dc -> 
  custom:container-muxer-webm: aa71ff27fc2769a1b78a27578f13a17b -> 
  custom:container-demuxer-webm: 4f35f7cbe854078d1ac9338744f61a02 -> 
  custom:container-demuxer-ogg: 62fdf1f143b41e24485cea50d1cbac27 -> 
  custom:video-encoder-webm-vp8: eb34c28f22e8b96e1ab97ce403110664 -> 
  custom:video-decoder-webm-vp8: 9c59270c3fd7afecdb556c50c9e8de78 -> 
  custom:audio-decoder-ogg-vorbis: bf7c407c2cedff20999df2af8eb42d56 -> 
  custom:audio-encoder-webm-vorbis: bf7c407c2cedff20999df2af8eb42d56 -> 
========================================================================
Received Import Request.
  path: Assets/Dotes/Materyaller/Kafa.mat
  artifactKey: Guid(c815f5b3c150f0e46a3736856f31c65e) Importer(815301076,1909f56bfc062723c751e8b465ee728b)
Start importing Assets/Dotes/Materyaller/Kafa.mat using Guid(c815f5b3c150f0e46a3736856f31c65e) Importer(815301076,1909f56bfc062723c751e8b465ee728b)  -> (artifact id: '6d80047b7d9289a1feeafec634311f72') in 0.269240 seconds 
========================================================================
Received Import Request.
  Time since last request: 0.000523 seconds.
  path: Assets/Dotes/Materyaller/Soma.mat
  artifactKey: Guid(7c9d4308aadafb34abe25d1de1ad1025) Importer(815301076,1909f56bfc062723c751e8b465ee728b)
Start importing Assets/Dotes/Materyaller/Soma.mat using Guid(7c9d4308aadafb34abe25d1de1ad1025) Importer(815301076,1909f56bfc062723c751e8b465ee728b)  -> (artifact id: 'f006f7f6bf16a86f33ca8fc40ba26da7') in 0.016733 seconds 
========================================================================
Received Import Request.
  Time since last request: 0.000395 seconds.
  path: Assets/Dotes/Materyaller/Ten.mat
  artifactKey: Guid(b61d6d6b97752ef4e83c4fb542e00bb6) Importer(815301076,1909f56bfc062723c751e8b465ee728b)
Start importing Assets/Dotes/Materyaller/Ten.mat using Guid(b61d6d6b97752ef4e83c4fb542e00bb6) Importer(815301076,1909f56bfc062723c751e8b465ee728b)  -> (artifact id: '0c8279e0c8baa0c83f6b04d3bb8be8f4') in 0.016997 seconds 
========================================================================
Received Import Request.
  Time since last request: 0.000396 seconds.
  path: Assets/Dotes/Materyaller/Kiyafettexture.png
  artifactKey: Guid(28684cde3db58a34eb474223dcee3eb0) Importer(815301076,1909f56bfc062723c751e8b465ee728b)
Start importing Assets/Dotes/Materyaller/Kiyafettexture.png using Guid(28684cde3db58a34eb474223dcee3eb0) Importer(815301076,1909f56bfc062723c751e8b465ee728b)  -> (artifact id: '0bd4f6c32733e18a9342e0f1c85bbccb') in 0.027092 seconds 
========================================================================
Received Import Request.
  Time since last request: 0.000381 seconds.
  path: Assets/Dotes/Materyaller/Uzantilar.mat
  artifactKey: Guid(e75d1d6a6fc0f424a8459910cc2d615c) Importer(815301076,1909f56bfc062723c751e8b465ee728b)
Start importing Assets/Dotes/Materyaller/Uzantilar.mat using Guid(e75d1d6a6fc0f424a8459910cc2d615c) Importer(815301076,1909f56bfc062723c751e8b465ee728b)  -> (artifact id: '8ccb023a0b353e732b26f8baf1caf870') in 0.012796 seconds 
========================================================================
Received Import Request.
  Time since last request: 0.000395 seconds.
  path: Assets/Dotes/Materyaller/MAT_BBacak.mat
  artifactKey: Guid(e1cfdbd8f5a1a5c4db3e8547b23c72c3) Importer(815301076,1909f56bfc062723c751e8b465ee728b)
Start importing Assets/Dotes/Materyaller/MAT_BBacak.mat using Guid(e1cfdbd8f5a1a5c4db3e8547b23c72c3) Importer(815301076,1909f56bfc062723c751e8b465ee728b)  -> (artifact id: '541e7b0ac4e5364ec50240061354a997') in 0.633174 seconds 
========================================================================
Received Import Request.
  Time since last request: 0.000406 seconds.
  path: Assets/Dotes/Materyaller/MAT_Kafes.mat
  artifactKey: Guid(b27c4358a8ae94145b20a85ac954bb99) Importer(815301076,1909f56bfc062723c751e8b465ee728b)
Start importing Assets/Dotes/Materyaller/MAT_Kafes.mat using Guid(b27c4358a8ae94145b20a85ac954bb99) Importer(815301076,1909f56bfc062723c751e8b465ee728b)  -> (artifact id: '7bf9327934b2fb1aaccd9a0b7f17332f') in 0.697302 seconds 
========================================================================
Received Import Request.
  Time since last request: 0.000377 seconds.
  path: Assets/Dotes/Materyaller/MAT_KBacak.mat
  artifactKey: Guid(0ee3a2e03118c2a48a3a5312a4887792) Importer(815301076,1909f56bfc062723c751e8b465ee728b)
Start importing Assets/Dotes/Materyaller/MAT_KBacak.mat using Guid(0ee3a2e03118c2a48a3a5312a4887792) Importer(815301076,1909f56bfc062723c751e8b465ee728b)  -> (artifact id: '1c566a38a087a0250988abef1768f1c4') in 0.455122 seconds 
========================================================================
Received Import Request.
  Time since last request: 0.000436 seconds.
  path: Assets/Dotes/Materyaller/Ceket.mat
  artifactKey: Guid(cc02e01e9ba36ee44a09a5db694fce48) Importer(815301076,1909f56bfc062723c751e8b465ee728b)
Start importing Assets/Dotes/Materyaller/Ceket.mat using Guid(cc02e01e9ba36ee44a09a5db694fce48) Importer(815301076,1909f56bfc062723c751e8b465ee728b)  -> (artifact id: '9369b72d9da6ed8bca6c7bcc7a96a737') in 0.011340 seconds 
========================================================================
Received Import Request.
  Time since last request: 373.018210 seconds.
  path: Assets/Dotes/Materyaller/Mind Roots Silah ve Hap.fbx
  artifactKey: Guid(6315da1118543a24086f662665c10dad) Importer(815301076,1909f56bfc062723c751e8b465ee728b)
Start importing Assets/Dotes/Materyaller/Mind Roots Silah ve Hap.fbx using Guid(6315da1118543a24086f662665c10dad) Importer(815301076,1909f56bfc062723c751e8b465ee728b)  -> (artifact id: '9fb4f537e8a96ccfd2fc4f51efe338b7') in 0.028990 seconds 
========================================================================
Received Import Request.
  Time since last request: 16.161482 seconds.
  path: Assets/Dotes/Modeller/Mind Roots Dusman1.fbx
  artifactKey: Guid(cbd512653aa06bb40adca5589df6d276) Importer(815301076,1909f56bfc062723c751e8b465ee728b)
Start importing Assets/Dotes/Modeller/Mind Roots Dusman1.fbx using Guid(cbd512653aa06bb40adca5589df6d276) Importer(815301076,1909f56bfc062723c751e8b465ee728b)  -> (artifact id: 'a3e1aece53b2570efc3b6cca09835634') in 0.087227 seconds 
========================================================================
Received Import Request.
  Time since last request: 0.000357 seconds.
  path: Assets/Dotes/Modeller/Mind Roots Insancik.fbx
  artifactKey: Guid(b6d02e1e0be8b1b4f9caaeba3e77f851) Importer(815301076,1909f56bfc062723c751e8b465ee728b)
Start importing Assets/Dotes/Modeller/Mind Roots Insancik.fbx using Guid(b6d02e1e0be8b1b4f9caaeba3e77f851) Importer(815301076,1909f56bfc062723c751e8b465ee728b)  -> (artifact id: '4bd0df64e4cdbaa288bd00a2397bc71a') in 0.064771 seconds 
========================================================================
Received Import Request.
  Time since last request: 0.000398 seconds.
  path: Assets/Dotes/Modeller/Mind Roots Hucre.fbx
  artifactKey: Guid(6bedbc0095e074944ba7463cc46c49f1) Importer(815301076,1909f56bfc062723c751e8b465ee728b)
Start importing Assets/Dotes/Modeller/Mind Roots Hucre.fbx using Guid(6bedbc0095e074944ba7463cc46c49f1) Importer(815301076,1909f56bfc062723c751e8b465ee728b)  -> (artifact id: 'ef7a4cb8273f90679ce726ec843e7efe') in 0.109146 seconds 
========================================================================
Received Import Request.
  Time since last request: 66.442741 seconds.
  path: Assets/Dotes/Modeller/Mind Roots Silah ve Hap.fbx
  artifactKey: Guid(6315da1118543a24086f662665c10dad) Importer(815301076,1909f56bfc062723c751e8b465ee728b)
Start importing Assets/Dotes/Modeller/Mind Roots Silah ve Hap.fbx using Guid(6315da1118543a24086f662665c10dad) Importer(815301076,1909f56bfc062723c751e8b465ee728b)  -> (artifact id: 'af0c0bced1dc8bae6c29e2fc961d5c85') in 0.063662 seconds 
========================================================================
Received Import Request.
  Time since last request: 1993.587613 seconds.
  path: Assets/Dotes/Modeller/Mind Roots Insancik.controller
  artifactKey: Guid(3c3a1f4da28af2d42a0600fb8c4e5bd1) Importer(815301076,1909f56bfc062723c751e8b465ee728b)
Start importing Assets/Dotes/Modeller/Mind Roots Insancik.controller using Guid(3c3a1f4da28af2d42a0600fb8c4e5bd1) Importer(815301076,1909f56bfc062723c751e8b465ee728b)  -> (artifact id: 'a6f7bce40e26b379229e0f99e6e116ed') in 0.007459 seconds 
========================================================================
Received Import Request.
  Time since last request: 65.956616 seconds.
  path: Assets/Dotes/Modeller/Mind Roots Insancik.fbx
  artifactKey: Guid(b6d02e1e0be8b1b4f9caaeba3e77f851) Importer(815301076,1909f56bfc062723c751e8b465ee728b)
Start importing Assets/Dotes/Modeller/Mind Roots Insancik.fbx using Guid(b6d02e1e0be8b1b4f9caaeba3e77f851) Importer(815301076,1909f56bfc062723c751e8b465ee728b)  -> (artifact id: '4eefc13175b7ef9126b9e2f9b2adca49') in 0.084048 seconds 
========================================================================
Received Import Request.
  Time since last request: 99.005992 seconds.
  path: Assets/Dotes/Modeller/Mind Roots Insancik.fbx
  artifactKey: Guid(b6d02e1e0be8b1b4f9caaeba3e77f851) Importer(815301076,1909f56bfc062723c751e8b465ee728b)
Start importing Assets/Dotes/Modeller/Mind Roots Insancik.fbx using Guid(b6d02e1e0be8b1b4f9caaeba3e77f851) Importer(815301076,1909f56bfc062723c751e8b465ee728b)  -> (artifact id: '7d7eb1f2301972e06f91d7b817c3fa67') in 0.088564 seconds 
========================================================================
Received Import Request.
  Time since last request: 19.869699 seconds.
  path: Assets/Dotes/Modeller/Mind Roots Insancik.fbx
  artifactKey: Guid(b6d02e1e0be8b1b4f9caaeba3e77f851) Importer(815301076,1909f56bfc062723c751e8b465ee728b)
Start importing Assets/Dotes/Modeller/Mind Roots Insancik.fbx using Guid(b6d02e1e0be8b1b4f9caaeba3e77f851) Importer(815301076,1909f56bfc062723c751e8b465ee728b)  -> (artifact id: 'df554548bd654adfcbbb41e9826d9b97') in 0.063452 seconds 
========================================================================
Received Import Request.
  Time since last request: 139.054407 seconds.
  path: Assets/Dotes/Modeller/Mind Roots Insancik.controller
  artifactKey: Guid(3c3a1f4da28af2d42a0600fb8c4e5bd1) Importer(815301076,1909f56bfc062723c751e8b465ee728b)
Start importing Assets/Dotes/Modeller/Mind Roots Insancik.controller using Guid(3c3a1f4da28af2d42a0600fb8c4e5bd1) Importer(815301076,1909f56bfc062723c751e8b465ee728b)  -> (artifact id: '307edc5903171a4f784d3575b395a35c') in 0.010394 seconds 
========================================================================
Received Prepare
Registering precompiled user dll's ...
Registered in 0.002527 seconds.
Begin MonoManager ReloadAssembly
Symbol file LoadedFromMemory doesn't match image D:\Github\Mind-Roots\MindRoots\Library\PackageCache\com.unity.collab-proxy@1.15.15\Lib\Editor\PlasticSCM\unityplastic.dll
Native extension for WindowsStandalone target not found
Refreshing native plugins compatible for Editor in 0.51 ms, found 2 plugins.
Preloading 0 native plugins for Editor in 0.00 ms.
Mono: successfully reloaded assembly
- Completed reload, in  1.177 seconds
Domain Reload Profiling:
	ReloadAssembly (1178ms)
		BeginReloadAssembly (217ms)
			ExecutionOrderSort (0ms)
			DisableScriptedObjects (19ms)
			BackupInstance (0ms)
			ReleaseScriptingObjects (0ms)
			CreateAndSetChildDomain (90ms)
		EndReloadAssembly (897ms)
			LoadAssemblies (111ms)
			RebuildTransferFunctionScriptingTraits (0ms)
			SetupTypeCache (309ms)
			ReleaseScriptCaches (1ms)
			RebuildScriptCaches (41ms)
			SetupLoadedEditorAssemblies (294ms)
				LogAssemblyErrors (0ms)
				InitializePlatformSupportModulesInManaged (4ms)
				SetLoadedEditorAssemblies (1ms)
				RefreshPlugins (1ms)
				BeforeProcessingInitializeOnLoad (84ms)
				ProcessInitializeOnLoadAttributes (189ms)
				ProcessInitializeOnLoadMethodAttributes (9ms)
				AfterProcessingInitializeOnLoad (6ms)
				EditorAssembliesLoaded (0ms)
			ExecutionOrderSort2 (0ms)
			AwakeInstancesAfterBackupRestoration (15ms)
Platform modules already initialized, skipping
Refreshing native plugins compatible for Editor in 0.48 ms, found 2 plugins.
Preloading 0 native plugins for Editor in 0.00 ms.
Unloading 2844 Unused Serialized files (Serialized files now loaded: 0)
System memory in use before: 144.3 MB.
System memory in use after: 144.5 MB.

Unloading 12 unused Assets to reduce memory usage. Loaded Objects now: 3479.
Total: 3.276300 ms (FindLiveObjects: 0.235300 ms CreateObjectMapping: 0.125000 ms MarkObjects: 2.893500 ms  DeleteObjects: 0.021700 ms)

AssetImportParameters requested are different than current active one (requested -> active):
  custom:framework-win-MediaFoundation: 216162199b28c13a410421893ffa2e32 -> 
  custom:video-decoder-ogg-theora: a1e56fd34408186e4bbccfd4996cb3dc -> 
  custom:container-muxer-webm: aa71ff27fc2769a1b78a27578f13a17b -> 
  custom:container-demuxer-webm: 4f35f7cbe854078d1ac9338744f61a02 -> 
  custom:container-demuxer-ogg: 62fdf1f143b41e24485cea50d1cbac27 -> 
  custom:video-encoder-webm-vp8: eb34c28f22e8b96e1ab97ce403110664 -> 
  custom:video-decoder-webm-vp8: 9c59270c3fd7afecdb556c50c9e8de78 -> 
  custom:audio-decoder-ogg-vorbis: bf7c407c2cedff20999df2af8eb42d56 -> 
  custom:audio-encoder-webm-vorbis: bf7c407c2cedff20999df2af8eb42d56 -> 
========================================================================
Received Import Request.
  Time since last request: 2573.716563 seconds.
  path: Assets/Dotes/Modeller/Mind Roots HucreCOL.fbx
  artifactKey: Guid(271648ec28e55d342b4dba0c41ea1bde) Importer(815301076,1909f56bfc062723c751e8b465ee728b)
Start importing Assets/Dotes/Modeller/Mind Roots HucreCOL.fbx using Guid(271648ec28e55d342b4dba0c41ea1bde) Importer(815301076,1909f56bfc062723c751e8b465ee728b)  -> (artifact id: '5cec9a0c8f6a9235fcc2172a751515e1') in 0.490302 seconds 
========================================================================
Received Import Request.
  Time since last request: 75.401852 seconds.
  path: Assets/Dotes/Modeller/Mind Roots HucreCOL.fbx
  artifactKey: Guid(271648ec28e55d342b4dba0c41ea1bde) Importer(815301076,1909f56bfc062723c751e8b465ee728b)
Start importing Assets/Dotes/Modeller/Mind Roots HucreCOL.fbx using Guid(271648ec28e55d342b4dba0c41ea1bde) Importer(815301076,1909f56bfc062723c751e8b465ee728b)  -> (artifact id: 'bed71dddc1f877e8129ffeec423b9ebf') in 0.042038 seconds 
AssetImportWorkerClient::OnTransportError - code=2 error=End of file
